14:43:49,122 (main) INFO  [DataNucleus.Enhancer] - DataNucleus Enhancer (versión 5.2.7) para el API "JDO" utilisando el JRE "{2}"
14:43:49,301 (main) INFO  [DataNucleus.Enhancer] - Escribiendo el archivo de clase "/Users/Haizea/Desktop/maven/BSPQ21-E3/ExpenseTracker/target/classes/es/deusto/server/jdo/User.class" con definicion enhanced
14:43:49,303 (main) INFO  [DataNucleus.Enhancer] - ENHANCED (Persistable) : es.deusto.server.jdo.User
14:43:49,308 (main) INFO  [DataNucleus.Enhancer] - Escribiendo el archivo de clase "/Users/Haizea/Desktop/maven/BSPQ21-E3/ExpenseTracker/target/classes/es/deusto/server/jdo/Expense.class" con definicion enhanced
14:43:49,308 (main) INFO  [DataNucleus.Enhancer] - ENHANCED (Persistable) : es.deusto.server.jdo.Expense
14:43:49,309 (main) INFO  [DataNucleus.Enhancer] - DataNucleus Enhancer ha terminado con exito para 2 clases. Tiempos : input=130 ms, enhance=53 ms, total=183 ms. Compruebe el LOG para los detalles
14:46:16,619 (main) INFO  [DataNucleus.Enhancer] - DataNucleus Enhancer (versión 5.2.7) para el API "JDO" utilisando el JRE "{2}"
14:46:17,045 (main) INFO  [DataNucleus.Enhancer] - La clase "es.deusto.server.jdo.User" esta enhanced.
14:46:17,045 (main) INFO  [DataNucleus.Enhancer] - ENHANCED (Persistable) : es.deusto.server.jdo.User
14:46:17,048 (main) INFO  [DataNucleus.Enhancer] - La clase "es.deusto.server.jdo.Expense" esta enhanced.
14:46:17,048 (main) INFO  [DataNucleus.Enhancer] - ENHANCED (Persistable) : es.deusto.server.jdo.Expense
14:46:17,049 (main) INFO  [DataNucleus.Enhancer] - DataNucleus Enhancer ha terminado con exito para 2 clases. Tiempos : input=389 ms, enhance=36 ms, total=425 ms. Compruebe el LOG para los detalles
14:46:47,141 (main) INFO  [DataNucleus.Enhancer] - DataNucleus Enhancer (versión 5.2.7) para el API "JDO" utilisando el JRE "{2}"
14:46:47,315 (main) INFO  [DataNucleus.Enhancer] - La clase "es.deusto.server.jdo.User" esta enhanced.
14:46:47,316 (main) INFO  [DataNucleus.Enhancer] - ENHANCED (Persistable) : es.deusto.server.jdo.User
14:46:47,317 (main) INFO  [DataNucleus.Enhancer] - La clase "es.deusto.server.jdo.Expense" esta enhanced.
14:46:47,317 (main) INFO  [DataNucleus.Enhancer] - ENHANCED (Persistable) : es.deusto.server.jdo.Expense
14:46:47,318 (main) INFO  [DataNucleus.Enhancer] - DataNucleus Enhancer ha terminado con exito para 2 clases. Tiempos : input=147 ms, enhance=26 ms, total=173 ms. Compruebe el LOG para los detalles
14:57:24,592 (main) INFO  [DataNucleus.Enhancer] - DataNucleus Enhancer (versión 5.2.7) para el API "JDO" utilisando el JRE "{2}"
14:57:24,801 (main) INFO  [DataNucleus.Enhancer] - Escribiendo el archivo de clase "/Users/Haizea/Desktop/maven/BSPQ21-E3/ExpenseTracker/target/classes/es/deusto/server/jdo/User.class" con definicion enhanced
14:57:24,803 (main) INFO  [DataNucleus.Enhancer] - ENHANCED (Persistable) : es.deusto.server.jdo.User
14:57:24,807 (main) INFO  [DataNucleus.Enhancer] - Escribiendo el archivo de clase "/Users/Haizea/Desktop/maven/BSPQ21-E3/ExpenseTracker/target/classes/es/deusto/server/jdo/Expense.class" con definicion enhanced
14:57:24,808 (main) INFO  [DataNucleus.Enhancer] - ENHANCED (Persistable) : es.deusto.server.jdo.Expense
14:57:24,809 (main) INFO  [DataNucleus.Enhancer] - DataNucleus Enhancer ha terminado con exito para 2 clases. Tiempos : input=157 ms, enhance=55 ms, total=212 ms. Compruebe el LOG para los detalles
15:09:20,960 (main) INFO  [DataNucleus.Enhancer] - DataNucleus Enhancer (versión 5.2.7) para el API "JDO" utilisando el JRE "{2}"
15:09:21,204 (main) INFO  [DataNucleus.Enhancer] - Escribiendo el archivo de clase "/Users/Haizea/Desktop/maven/BSPQ21-E3/ExpenseTracker/target/classes/es/deusto/server/jdo/User.class" con definicion enhanced
15:09:21,207 (main) INFO  [DataNucleus.Enhancer] - ENHANCED (Persistable) : es.deusto.server.jdo.User
15:09:21,212 (main) INFO  [DataNucleus.Enhancer] - Escribiendo el archivo de clase "/Users/Haizea/Desktop/maven/BSPQ21-E3/ExpenseTracker/target/classes/es/deusto/server/jdo/Expense.class" con definicion enhanced
15:09:21,213 (main) INFO  [DataNucleus.Enhancer] - ENHANCED (Persistable) : es.deusto.server.jdo.Expense
15:09:21,214 (main) INFO  [DataNucleus.Enhancer] - DataNucleus Enhancer ha terminado con exito para 2 clases. Tiempos : input=190 ms, enhance=59 ms, total=249 ms. Compruebe el LOG para los detalles
15:15:51,614 (main) INFO  [DataNucleus.Enhancer] - DataNucleus Enhancer (versión 5.2.7) para el API "JDO" utilisando el JRE "{2}"
15:15:51,810 (main) INFO  [DataNucleus.Enhancer] - La clase "es.deusto.server.jdo.User" esta enhanced.
15:15:51,810 (main) INFO  [DataNucleus.Enhancer] - ENHANCED (Persistable) : es.deusto.server.jdo.User
15:15:51,812 (main) INFO  [DataNucleus.Enhancer] - La clase "es.deusto.server.jdo.Expense" esta enhanced.
15:15:51,812 (main) INFO  [DataNucleus.Enhancer] - ENHANCED (Persistable) : es.deusto.server.jdo.Expense
15:15:51,813 (main) INFO  [DataNucleus.Enhancer] - DataNucleus Enhancer ha terminado con exito para 2 clases. Tiempos : input=167 ms, enhance=27 ms, total=194 ms. Compruebe el LOG para los detalles
15:24:59,047 (qtp1107984450-25) INFO  [DataNucleus.Persistence] - Propiedad datanucleus.validateTables desconocida - vamos a ignorarla
15:24:59,047 (qtp1107984450-25) INFO  [DataNucleus.Persistence] - Propiedad datanucleus.validateConstraints desconocida - vamos a ignorarla
15:24:59,048 (qtp1107984450-25) INFO  [DataNucleus.Persistence] - Propiedad datanucleus.metadata.validate desconocida - vamos a ignorarla
15:25:00,216 (qtp1107984450-25) WARN  [DataNucleus.Datastore] - Default type for java type of java.math.BigInteger was previously jdbc-type=NUMERIC but this is not provided by the JDBC driver! Please report this to the DataNucleus developers
15:25:37,459 (qtp1107984450-20) INFO  [DataNucleus.Persistence] - Propiedad datanucleus.validateTables desconocida - vamos a ignorarla
15:25:37,459 (qtp1107984450-20) INFO  [DataNucleus.Persistence] - Propiedad datanucleus.validateConstraints desconocida - vamos a ignorarla
15:25:37,459 (qtp1107984450-20) INFO  [DataNucleus.Persistence] - Propiedad datanucleus.metadata.validate desconocida - vamos a ignorarla
15:25:37,510 (qtp1107984450-20) WARN  [DataNucleus.Datastore] - Default type for java type of java.math.BigInteger was previously jdbc-type=NUMERIC but this is not provided by the JDBC driver! Please report this to the DataNucleus developers
15:26:01,381 (main) INFO  [DataNucleus.Enhancer] - DataNucleus Enhancer (versión 5.2.7) para el API "JDO" utilisando el JRE "{2}"
15:26:01,577 (main) INFO  [DataNucleus.Enhancer] - Escribiendo el archivo de clase "/Users/Haizea/Desktop/maven/BSPQ21-E3/ExpenseTracker/target/classes/es/deusto/server/jdo/User.class" con definicion enhanced
15:26:01,577 (main) INFO  [DataNucleus.Enhancer] - ENHANCED (Persistable) : es.deusto.server.jdo.User
15:26:01,582 (main) INFO  [DataNucleus.Enhancer] - Escribiendo el archivo de clase "/Users/Haizea/Desktop/maven/BSPQ21-E3/ExpenseTracker/target/classes/es/deusto/server/jdo/Expense.class" con definicion enhanced
15:26:01,583 (main) INFO  [DataNucleus.Enhancer] - ENHANCED (Persistable) : es.deusto.server.jdo.Expense
15:26:01,583 (main) INFO  [DataNucleus.Enhancer] - DataNucleus Enhancer ha terminado con exito para 2 clases. Tiempos : input=154 ms, enhance=44 ms, total=198 ms. Compruebe el LOG para los detalles
15:26:11,761 (main) INFO  [DataNucleus.Enhancer] - DataNucleus Enhancer (versión 5.2.7) para el API "JDO" utilisando el JRE "{2}"
15:26:11,912 (main) INFO  [DataNucleus.Enhancer] - La clase "es.deusto.server.jdo.User" esta enhanced.
15:26:11,913 (main) INFO  [DataNucleus.Enhancer] - ENHANCED (Persistable) : es.deusto.server.jdo.User
15:26:11,914 (main) INFO  [DataNucleus.Enhancer] - La clase "es.deusto.server.jdo.Expense" esta enhanced.
15:26:11,914 (main) INFO  [DataNucleus.Enhancer] - ENHANCED (Persistable) : es.deusto.server.jdo.Expense
15:26:11,915 (main) INFO  [DataNucleus.Enhancer] - DataNucleus Enhancer ha terminado con exito para 2 clases. Tiempos : input=132 ms, enhance=18 ms, total=150 ms. Compruebe el LOG para los detalles
15:26:24,159 (qtp1478835287-19) INFO  [DataNucleus.Persistence] - Propiedad datanucleus.validateTables desconocida - vamos a ignorarla
15:26:24,159 (qtp1478835287-19) INFO  [DataNucleus.Persistence] - Propiedad datanucleus.validateConstraints desconocida - vamos a ignorarla
15:26:24,160 (qtp1478835287-19) INFO  [DataNucleus.Persistence] - Propiedad datanucleus.metadata.validate desconocida - vamos a ignorarla
15:26:24,966 (qtp1478835287-19) WARN  [DataNucleus.Datastore] - Default type for java type of java.math.BigInteger was previously jdbc-type=NUMERIC but this is not provided by the JDBC driver! Please report this to the DataNucleus developers
15:26:27,734 (qtp1478835287-21) INFO  [DataNucleus.Persistence] - Propiedad datanucleus.validateTables desconocida - vamos a ignorarla
15:26:27,735 (qtp1478835287-21) INFO  [DataNucleus.Persistence] - Propiedad datanucleus.validateConstraints desconocida - vamos a ignorarla
15:26:27,735 (qtp1478835287-21) INFO  [DataNucleus.Persistence] - Propiedad datanucleus.metadata.validate desconocida - vamos a ignorarla
15:26:27,779 (qtp1478835287-21) WARN  [DataNucleus.Datastore] - Default type for java type of java.math.BigInteger was previously jdbc-type=NUMERIC but this is not provided by the JDBC driver! Please report this to the DataNucleus developers
15:26:30,538 (qtp1478835287-25) INFO  [DataNucleus.Persistence] - Propiedad datanucleus.validateTables desconocida - vamos a ignorarla
15:26:30,538 (qtp1478835287-25) INFO  [DataNucleus.Persistence] - Propiedad datanucleus.validateConstraints desconocida - vamos a ignorarla
15:26:30,538 (qtp1478835287-25) INFO  [DataNucleus.Persistence] - Propiedad datanucleus.metadata.validate desconocida - vamos a ignorarla
15:26:30,583 (qtp1478835287-25) WARN  [DataNucleus.Datastore] - Default type for java type of java.math.BigInteger was previously jdbc-type=NUMERIC but this is not provided by the JDBC driver! Please report this to the DataNucleus developers
15:30:00,928 (main) INFO  [DataNucleus.Enhancer] - DataNucleus Enhancer (versión 5.2.7) para el API "JDO" utilisando el JRE "{2}"
15:30:01,081 (main) INFO  [DataNucleus.Enhancer] - La clase "es.deusto.server.jdo.User" esta enhanced.
15:30:01,081 (main) INFO  [DataNucleus.Enhancer] - ENHANCED (Persistable) : es.deusto.server.jdo.User
15:30:01,083 (main) INFO  [DataNucleus.Enhancer] - La clase "es.deusto.server.jdo.Expense" esta enhanced.
15:30:01,083 (main) INFO  [DataNucleus.Enhancer] - ENHANCED (Persistable) : es.deusto.server.jdo.Expense
15:30:01,083 (main) INFO  [DataNucleus.Enhancer] - DataNucleus Enhancer ha terminado con exito para 2 clases. Tiempos : input=133 ms, enhance=18 ms, total=151 ms. Compruebe el LOG para los detalles
15:30:07,696 (main) INFO  [DataNucleus.Enhancer] - DataNucleus Enhancer (versión 5.2.7) para el API "JDO" utilisando el JRE "{2}"
15:30:07,857 (main) INFO  [DataNucleus.Enhancer] - La clase "es.deusto.server.jdo.User" esta enhanced.
15:30:07,857 (main) INFO  [DataNucleus.Enhancer] - ENHANCED (Persistable) : es.deusto.server.jdo.User
15:30:07,858 (main) INFO  [DataNucleus.Enhancer] - La clase "es.deusto.server.jdo.Expense" esta enhanced.
15:30:07,859 (main) INFO  [DataNucleus.Enhancer] - ENHANCED (Persistable) : es.deusto.server.jdo.Expense
15:30:07,859 (main) INFO  [DataNucleus.Enhancer] - DataNucleus Enhancer ha terminado con exito para 2 clases. Tiempos : input=138 ms, enhance=20 ms, total=158 ms. Compruebe el LOG para los detalles
15:30:24,455 (qtp1478835287-20) INFO  [DataNucleus.Persistence] - Propiedad datanucleus.validateTables desconocida - vamos a ignorarla
15:30:24,455 (qtp1478835287-20) INFO  [DataNucleus.Persistence] - Propiedad datanucleus.validateConstraints desconocida - vamos a ignorarla
15:30:24,455 (qtp1478835287-20) INFO  [DataNucleus.Persistence] - Propiedad datanucleus.metadata.validate desconocida - vamos a ignorarla
15:30:25,195 (qtp1478835287-20) WARN  [DataNucleus.Datastore] - Default type for java type of java.math.BigInteger was previously jdbc-type=NUMERIC but this is not provided by the JDBC driver! Please report this to the DataNucleus developers
15:30:28,125 (qtp1478835287-23) INFO  [DataNucleus.Persistence] - Propiedad datanucleus.validateTables desconocida - vamos a ignorarla
15:30:28,125 (qtp1478835287-23) INFO  [DataNucleus.Persistence] - Propiedad datanucleus.validateConstraints desconocida - vamos a ignorarla
15:30:28,126 (qtp1478835287-23) INFO  [DataNucleus.Persistence] - Propiedad datanucleus.metadata.validate desconocida - vamos a ignorarla
15:30:28,176 (qtp1478835287-23) WARN  [DataNucleus.Datastore] - Default type for java type of java.math.BigInteger was previously jdbc-type=NUMERIC but this is not provided by the JDBC driver! Please report this to the DataNucleus developers
15:30:30,575 (qtp1478835287-22) INFO  [DataNucleus.Persistence] - Propiedad datanucleus.validateTables desconocida - vamos a ignorarla
15:30:30,575 (qtp1478835287-22) INFO  [DataNucleus.Persistence] - Propiedad datanucleus.validateConstraints desconocida - vamos a ignorarla
15:30:30,575 (qtp1478835287-22) INFO  [DataNucleus.Persistence] - Propiedad datanucleus.metadata.validate desconocida - vamos a ignorarla
15:30:30,619 (qtp1478835287-22) WARN  [DataNucleus.Datastore] - Default type for java type of java.math.BigInteger was previously jdbc-type=NUMERIC but this is not provided by the JDBC driver! Please report this to the DataNucleus developers
15:30:39,856 (qtp1478835287-21) INFO  [DataNucleus.Persistence] - Propiedad datanucleus.validateTables desconocida - vamos a ignorarla
15:30:39,857 (qtp1478835287-21) INFO  [DataNucleus.Persistence] - Propiedad datanucleus.validateConstraints desconocida - vamos a ignorarla
15:30:39,857 (qtp1478835287-21) INFO  [DataNucleus.Persistence] - Propiedad datanucleus.metadata.validate desconocida - vamos a ignorarla
15:30:39,900 (qtp1478835287-21) WARN  [DataNucleus.Datastore] - Default type for java type of java.math.BigInteger was previously jdbc-type=NUMERIC but this is not provided by the JDBC driver! Please report this to the DataNucleus developers
15:30:43,156 (qtp1478835287-24) INFO  [DataNucleus.Persistence] - Propiedad datanucleus.validateTables desconocida - vamos a ignorarla
15:30:43,156 (qtp1478835287-24) INFO  [DataNucleus.Persistence] - Propiedad datanucleus.validateConstraints desconocida - vamos a ignorarla
15:30:43,156 (qtp1478835287-24) INFO  [DataNucleus.Persistence] - Propiedad datanucleus.metadata.validate desconocida - vamos a ignorarla
15:30:43,194 (qtp1478835287-24) WARN  [DataNucleus.Datastore] - Default type for java type of java.math.BigInteger was previously jdbc-type=NUMERIC but this is not provided by the JDBC driver! Please report this to the DataNucleus developers
15:31:09,009 (qtp1478835287-22) INFO  [DataNucleus.Persistence] - Propiedad datanucleus.validateTables desconocida - vamos a ignorarla
15:31:09,009 (qtp1478835287-22) INFO  [DataNucleus.Persistence] - Propiedad datanucleus.validateConstraints desconocida - vamos a ignorarla
15:31:09,010 (qtp1478835287-22) INFO  [DataNucleus.Persistence] - Propiedad datanucleus.metadata.validate desconocida - vamos a ignorarla
15:31:09,054 (qtp1478835287-22) WARN  [DataNucleus.Datastore] - Default type for java type of java.math.BigInteger was previously jdbc-type=NUMERIC but this is not provided by the JDBC driver! Please report this to the DataNucleus developers
15:31:47,061 (main) INFO  [DataNucleus.Enhancer] - DataNucleus Enhancer (versión 5.2.7) para el API "JDO" utilisando el JRE "{2}"
15:31:47,237 (main) INFO  [DataNucleus.Enhancer] - La clase "es.deusto.server.jdo.User" esta enhanced.
15:31:47,237 (main) INFO  [DataNucleus.Enhancer] - ENHANCED (Persistable) : es.deusto.server.jdo.User
15:31:47,238 (main) INFO  [DataNucleus.Enhancer] - La clase "es.deusto.server.jdo.Expense" esta enhanced.
15:31:47,238 (main) INFO  [DataNucleus.Enhancer] - ENHANCED (Persistable) : es.deusto.server.jdo.Expense
15:31:47,239 (main) INFO  [DataNucleus.Enhancer] - DataNucleus Enhancer ha terminado con exito para 2 clases. Tiempos : input=147 ms, enhance=20 ms, total=167 ms. Compruebe el LOG para los detalles
15:32:26,710 (main) INFO  [DataNucleus.Enhancer] - DataNucleus Enhancer (versión 5.2.7) para el API "JDO" utilisando el JRE "{2}"
15:32:26,871 (main) INFO  [DataNucleus.Enhancer] - La clase "es.deusto.server.jdo.User" esta enhanced.
15:32:26,871 (main) INFO  [DataNucleus.Enhancer] - ENHANCED (Persistable) : es.deusto.server.jdo.User
15:32:26,872 (main) INFO  [DataNucleus.Enhancer] - La clase "es.deusto.server.jdo.Expense" esta enhanced.
15:32:26,872 (main) INFO  [DataNucleus.Enhancer] - ENHANCED (Persistable) : es.deusto.server.jdo.Expense
15:32:26,873 (main) INFO  [DataNucleus.Enhancer] - DataNucleus Enhancer ha terminado con exito para 2 clases. Tiempos : input=140 ms, enhance=18 ms, total=158 ms. Compruebe el LOG para los detalles
15:32:41,385 (qtp468797188-26) INFO  [DataNucleus.Persistence] - Propiedad datanucleus.validateTables desconocida - vamos a ignorarla
15:32:41,385 (qtp468797188-26) INFO  [DataNucleus.Persistence] - Propiedad datanucleus.validateConstraints desconocida - vamos a ignorarla
15:32:41,386 (qtp468797188-26) INFO  [DataNucleus.Persistence] - Propiedad datanucleus.metadata.validate desconocida - vamos a ignorarla
15:32:42,168 (qtp468797188-26) WARN  [DataNucleus.Datastore] - Default type for java type of java.math.BigInteger was previously jdbc-type=NUMERIC but this is not provided by the JDBC driver! Please report this to the DataNucleus developers
15:32:44,825 (qtp468797188-19) INFO  [DataNucleus.Persistence] - Propiedad datanucleus.validateTables desconocida - vamos a ignorarla
15:32:44,825 (qtp468797188-19) INFO  [DataNucleus.Persistence] - Propiedad datanucleus.validateConstraints desconocida - vamos a ignorarla
15:32:44,826 (qtp468797188-19) INFO  [DataNucleus.Persistence] - Propiedad datanucleus.metadata.validate desconocida - vamos a ignorarla
15:32:44,884 (qtp468797188-19) WARN  [DataNucleus.Datastore] - Default type for java type of java.math.BigInteger was previously jdbc-type=NUMERIC but this is not provided by the JDBC driver! Please report this to the DataNucleus developers
15:32:47,269 (qtp468797188-24) INFO  [DataNucleus.Persistence] - Propiedad datanucleus.validateTables desconocida - vamos a ignorarla
15:32:47,269 (qtp468797188-24) INFO  [DataNucleus.Persistence] - Propiedad datanucleus.validateConstraints desconocida - vamos a ignorarla
15:32:47,270 (qtp468797188-24) INFO  [DataNucleus.Persistence] - Propiedad datanucleus.metadata.validate desconocida - vamos a ignorarla
15:32:47,314 (qtp468797188-24) WARN  [DataNucleus.Datastore] - Default type for java type of java.math.BigInteger was previously jdbc-type=NUMERIC but this is not provided by the JDBC driver! Please report this to the DataNucleus developers
15:32:57,449 (qtp468797188-23) INFO  [DataNucleus.Persistence] - Propiedad datanucleus.validateTables desconocida - vamos a ignorarla
15:32:57,449 (qtp468797188-23) INFO  [DataNucleus.Persistence] - Propiedad datanucleus.validateConstraints desconocida - vamos a ignorarla
15:32:57,449 (qtp468797188-23) INFO  [DataNucleus.Persistence] - Propiedad datanucleus.metadata.validate desconocida - vamos a ignorarla
15:32:57,494 (qtp468797188-23) WARN  [DataNucleus.Datastore] - Default type for java type of java.math.BigInteger was previously jdbc-type=NUMERIC but this is not provided by the JDBC driver! Please report this to the DataNucleus developers
15:33:01,199 (qtp468797188-21) INFO  [DataNucleus.Persistence] - Propiedad datanucleus.validateTables desconocida - vamos a ignorarla
15:33:01,199 (qtp468797188-21) INFO  [DataNucleus.Persistence] - Propiedad datanucleus.validateConstraints desconocida - vamos a ignorarla
15:33:01,199 (qtp468797188-21) INFO  [DataNucleus.Persistence] - Propiedad datanucleus.metadata.validate desconocida - vamos a ignorarla
15:33:01,239 (qtp468797188-21) WARN  [DataNucleus.Datastore] - Default type for java type of java.math.BigInteger was previously jdbc-type=NUMERIC but this is not provided by the JDBC driver! Please report this to the DataNucleus developers
15:35:24,930 (main) INFO  [DataNucleus.Enhancer] - DataNucleus Enhancer (versión 5.2.7) para el API "JDO" utilisando el JRE "{2}"
15:35:25,102 (main) INFO  [DataNucleus.Enhancer] - La clase "es.deusto.server.jdo.User" esta enhanced.
15:35:25,103 (main) INFO  [DataNucleus.Enhancer] - ENHANCED (Persistable) : es.deusto.server.jdo.User
15:35:25,105 (main) INFO  [DataNucleus.Enhancer] - La clase "es.deusto.server.jdo.Expense" esta enhanced.
15:35:25,105 (main) INFO  [DataNucleus.Enhancer] - ENHANCED (Persistable) : es.deusto.server.jdo.Expense
15:35:25,105 (main) INFO  [DataNucleus.Enhancer] - DataNucleus Enhancer ha terminado con exito para 2 clases. Tiempos : input=153 ms, enhance=18 ms, total=171 ms. Compruebe el LOG para los detalles
15:35:34,952 (main) INFO  [DataNucleus.Enhancer] - DataNucleus Enhancer (versión 5.2.7) para el API "JDO" utilisando el JRE "{2}"
15:35:35,099 (main) INFO  [DataNucleus.Enhancer] - La clase "es.deusto.server.jdo.User" esta enhanced.
15:35:35,100 (main) INFO  [DataNucleus.Enhancer] - ENHANCED (Persistable) : es.deusto.server.jdo.User
15:35:35,101 (main) INFO  [DataNucleus.Enhancer] - La clase "es.deusto.server.jdo.Expense" esta enhanced.
15:35:35,101 (main) INFO  [DataNucleus.Enhancer] - ENHANCED (Persistable) : es.deusto.server.jdo.Expense
15:35:35,101 (main) INFO  [DataNucleus.Enhancer] - DataNucleus Enhancer ha terminado con exito para 2 clases. Tiempos : input=127 ms, enhance=19 ms, total=146 ms. Compruebe el LOG para los detalles
15:35:55,019 (qtp1478835287-26) INFO  [DataNucleus.Persistence] - Propiedad datanucleus.validateTables desconocida - vamos a ignorarla
15:35:55,021 (qtp1478835287-26) INFO  [DataNucleus.Persistence] - Propiedad datanucleus.validateConstraints desconocida - vamos a ignorarla
15:35:55,021 (qtp1478835287-26) INFO  [DataNucleus.Persistence] - Propiedad datanucleus.metadata.validate desconocida - vamos a ignorarla
15:35:55,768 (qtp1478835287-26) WARN  [DataNucleus.Datastore] - Default type for java type of java.math.BigInteger was previously jdbc-type=NUMERIC but this is not provided by the JDBC driver! Please report this to the DataNucleus developers
15:35:57,541 (qtp1478835287-20) INFO  [DataNucleus.Persistence] - Propiedad datanucleus.validateTables desconocida - vamos a ignorarla
15:35:57,541 (qtp1478835287-20) INFO  [DataNucleus.Persistence] - Propiedad datanucleus.validateConstraints desconocida - vamos a ignorarla
15:35:57,542 (qtp1478835287-20) INFO  [DataNucleus.Persistence] - Propiedad datanucleus.metadata.validate desconocida - vamos a ignorarla
15:35:57,589 (qtp1478835287-20) WARN  [DataNucleus.Datastore] - Default type for java type of java.math.BigInteger was previously jdbc-type=NUMERIC but this is not provided by the JDBC driver! Please report this to the DataNucleus developers
15:35:59,929 (qtp1478835287-23) INFO  [DataNucleus.Persistence] - Propiedad datanucleus.validateTables desconocida - vamos a ignorarla
15:35:59,930 (qtp1478835287-23) INFO  [DataNucleus.Persistence] - Propiedad datanucleus.validateConstraints desconocida - vamos a ignorarla
15:35:59,930 (qtp1478835287-23) INFO  [DataNucleus.Persistence] - Propiedad datanucleus.metadata.validate desconocida - vamos a ignorarla
15:35:59,974 (qtp1478835287-23) WARN  [DataNucleus.Datastore] - Default type for java type of java.math.BigInteger was previously jdbc-type=NUMERIC but this is not provided by the JDBC driver! Please report this to the DataNucleus developers
15:36:05,992 (qtp1478835287-19) INFO  [DataNucleus.Persistence] - Propiedad datanucleus.validateTables desconocida - vamos a ignorarla
15:36:05,992 (qtp1478835287-19) INFO  [DataNucleus.Persistence] - Propiedad datanucleus.validateConstraints desconocida - vamos a ignorarla
15:36:05,993 (qtp1478835287-19) INFO  [DataNucleus.Persistence] - Propiedad datanucleus.metadata.validate desconocida - vamos a ignorarla
15:36:06,036 (qtp1478835287-19) WARN  [DataNucleus.Datastore] - Default type for java type of java.math.BigInteger was previously jdbc-type=NUMERIC but this is not provided by the JDBC driver! Please report this to the DataNucleus developers
15:36:09,399 (qtp1478835287-24) INFO  [DataNucleus.Persistence] - Propiedad datanucleus.validateTables desconocida - vamos a ignorarla
15:36:09,399 (qtp1478835287-24) INFO  [DataNucleus.Persistence] - Propiedad datanucleus.validateConstraints desconocida - vamos a ignorarla
15:36:09,399 (qtp1478835287-24) INFO  [DataNucleus.Persistence] - Propiedad datanucleus.metadata.validate desconocida - vamos a ignorarla
15:36:09,444 (qtp1478835287-24) WARN  [DataNucleus.Datastore] - Default type for java type of java.math.BigInteger was previously jdbc-type=NUMERIC but this is not provided by the JDBC driver! Please report this to the DataNucleus developers
15:37:43,333 (main) INFO  [DataNucleus.Enhancer] - DataNucleus Enhancer (versión 5.2.7) para el API "JDO" utilisando el JRE "{2}"
15:37:43,499 (main) INFO  [DataNucleus.Enhancer] - La clase "es.deusto.server.jdo.User" esta enhanced.
15:37:43,499 (main) INFO  [DataNucleus.Enhancer] - ENHANCED (Persistable) : es.deusto.server.jdo.User
15:37:43,500 (main) INFO  [DataNucleus.Enhancer] - La clase "es.deusto.server.jdo.Expense" esta enhanced.
15:37:43,501 (main) INFO  [DataNucleus.Enhancer] - ENHANCED (Persistable) : es.deusto.server.jdo.Expense
15:37:43,502 (main) INFO  [DataNucleus.Enhancer] - DataNucleus Enhancer ha terminado con exito para 2 clases. Tiempos : input=146 ms, enhance=18 ms, total=164 ms. Compruebe el LOG para los detalles
15:37:56,034 (main) INFO  [DataNucleus.Enhancer] - DataNucleus Enhancer (versión 5.2.7) para el API "JDO" utilisando el JRE "{2}"
15:37:56,197 (main) INFO  [DataNucleus.Enhancer] - La clase "es.deusto.server.jdo.User" esta enhanced.
15:37:56,197 (main) INFO  [DataNucleus.Enhancer] - ENHANCED (Persistable) : es.deusto.server.jdo.User
15:37:56,199 (main) INFO  [DataNucleus.Enhancer] - La clase "es.deusto.server.jdo.Expense" esta enhanced.
15:37:56,199 (main) INFO  [DataNucleus.Enhancer] - ENHANCED (Persistable) : es.deusto.server.jdo.Expense
15:37:56,203 (main) INFO  [DataNucleus.Enhancer] - DataNucleus Enhancer ha terminado con exito para 2 clases. Tiempos : input=144 ms, enhance=17 ms, total=161 ms. Compruebe el LOG para los detalles
15:38:30,617 (qtp468797188-20) INFO  [DataNucleus.Persistence] - Propiedad datanucleus.validateTables desconocida - vamos a ignorarla
15:38:30,617 (qtp468797188-20) INFO  [DataNucleus.Persistence] - Propiedad datanucleus.validateConstraints desconocida - vamos a ignorarla
15:38:30,617 (qtp468797188-20) INFO  [DataNucleus.Persistence] - Propiedad datanucleus.metadata.validate desconocida - vamos a ignorarla
15:38:31,393 (qtp468797188-20) WARN  [DataNucleus.Datastore] - Default type for java type of java.math.BigInteger was previously jdbc-type=NUMERIC but this is not provided by the JDBC driver! Please report this to the DataNucleus developers
15:38:33,385 (qtp468797188-24) INFO  [DataNucleus.Persistence] - Propiedad datanucleus.validateTables desconocida - vamos a ignorarla
15:38:33,385 (qtp468797188-24) INFO  [DataNucleus.Persistence] - Propiedad datanucleus.validateConstraints desconocida - vamos a ignorarla
15:38:33,386 (qtp468797188-24) INFO  [DataNucleus.Persistence] - Propiedad datanucleus.metadata.validate desconocida - vamos a ignorarla
15:38:33,435 (qtp468797188-24) WARN  [DataNucleus.Datastore] - Default type for java type of java.math.BigInteger was previously jdbc-type=NUMERIC but this is not provided by the JDBC driver! Please report this to the DataNucleus developers
15:38:35,399 (qtp468797188-19) INFO  [DataNucleus.Persistence] - Propiedad datanucleus.validateTables desconocida - vamos a ignorarla
15:38:35,399 (qtp468797188-19) INFO  [DataNucleus.Persistence] - Propiedad datanucleus.validateConstraints desconocida - vamos a ignorarla
15:38:35,399 (qtp468797188-19) INFO  [DataNucleus.Persistence] - Propiedad datanucleus.metadata.validate desconocida - vamos a ignorarla
15:38:35,443 (qtp468797188-19) WARN  [DataNucleus.Datastore] - Default type for java type of java.math.BigInteger was previously jdbc-type=NUMERIC but this is not provided by the JDBC driver! Please report this to the DataNucleus developers
15:42:06,594 (main) INFO  [DataNucleus.Enhancer] - DataNucleus Enhancer (versión 5.2.7) para el API "JDO" utilisando el JRE "{2}"
15:42:06,758 (main) INFO  [DataNucleus.Enhancer] - La clase "es.deusto.server.jdo.User" esta enhanced.
15:42:06,758 (main) INFO  [DataNucleus.Enhancer] - ENHANCED (Persistable) : es.deusto.server.jdo.User
15:42:06,760 (main) INFO  [DataNucleus.Enhancer] - La clase "es.deusto.server.jdo.Expense" esta enhanced.
15:42:06,760 (main) INFO  [DataNucleus.Enhancer] - ENHANCED (Persistable) : es.deusto.server.jdo.Expense
15:42:06,761 (main) INFO  [DataNucleus.Enhancer] - DataNucleus Enhancer ha terminado con exito para 2 clases. Tiempos : input=142 ms, enhance=18 ms, total=160 ms. Compruebe el LOG para los detalles
15:42:15,355 (main) INFO  [DataNucleus.Enhancer] - DataNucleus Enhancer (versión 5.2.7) para el API "JDO" utilisando el JRE "{2}"
15:42:15,520 (main) INFO  [DataNucleus.Enhancer] - La clase "es.deusto.server.jdo.User" esta enhanced.
15:42:15,520 (main) INFO  [DataNucleus.Enhancer] - ENHANCED (Persistable) : es.deusto.server.jdo.User
15:42:15,522 (main) INFO  [DataNucleus.Enhancer] - La clase "es.deusto.server.jdo.Expense" esta enhanced.
15:42:15,522 (main) INFO  [DataNucleus.Enhancer] - ENHANCED (Persistable) : es.deusto.server.jdo.Expense
15:42:15,522 (main) INFO  [DataNucleus.Enhancer] - DataNucleus Enhancer ha terminado con exito para 2 clases. Tiempos : input=145 ms, enhance=17 ms, total=162 ms. Compruebe el LOG para los detalles
15:42:29,892 (qtp468797188-19) INFO  [DataNucleus.Persistence] - Propiedad datanucleus.validateTables desconocida - vamos a ignorarla
15:42:29,893 (qtp468797188-19) INFO  [DataNucleus.Persistence] - Propiedad datanucleus.validateConstraints desconocida - vamos a ignorarla
15:42:29,893 (qtp468797188-19) INFO  [DataNucleus.Persistence] - Propiedad datanucleus.metadata.validate desconocida - vamos a ignorarla
15:42:30,707 (qtp468797188-19) WARN  [DataNucleus.Datastore] - Default type for java type of java.math.BigInteger was previously jdbc-type=NUMERIC but this is not provided by the JDBC driver! Please report this to the DataNucleus developers
15:42:32,288 (qtp468797188-26) INFO  [DataNucleus.Persistence] - Propiedad datanucleus.validateTables desconocida - vamos a ignorarla
15:42:32,288 (qtp468797188-26) INFO  [DataNucleus.Persistence] - Propiedad datanucleus.validateConstraints desconocida - vamos a ignorarla
15:42:32,288 (qtp468797188-26) INFO  [DataNucleus.Persistence] - Propiedad datanucleus.metadata.validate desconocida - vamos a ignorarla
15:42:32,331 (qtp468797188-26) WARN  [DataNucleus.Datastore] - Default type for java type of java.math.BigInteger was previously jdbc-type=NUMERIC but this is not provided by the JDBC driver! Please report this to the DataNucleus developers
15:42:34,377 (qtp468797188-23) INFO  [DataNucleus.Persistence] - Propiedad datanucleus.validateTables desconocida - vamos a ignorarla
15:42:34,377 (qtp468797188-23) INFO  [DataNucleus.Persistence] - Propiedad datanucleus.validateConstraints desconocida - vamos a ignorarla
15:42:34,377 (qtp468797188-23) INFO  [DataNucleus.Persistence] - Propiedad datanucleus.metadata.validate desconocida - vamos a ignorarla
15:42:34,466 (qtp468797188-23) WARN  [DataNucleus.Datastore] - Default type for java type of java.math.BigInteger was previously jdbc-type=NUMERIC but this is not provided by the JDBC driver! Please report this to the DataNucleus developers
15:51:36,406 (main) INFO  [DataNucleus.Enhancer] - DataNucleus Enhancer (versión 5.2.7) para el API "JDO" utilisando el JRE "{2}"
15:51:36,568 (main) INFO  [DataNucleus.Enhancer] - Escribiendo el archivo de clase "/Users/Haizea/Desktop/maven/BSPQ21-E3/ExpenseTracker/target/classes/es/deusto/server/jdo/User.class" con definicion enhanced
15:51:36,570 (main) INFO  [DataNucleus.Enhancer] - ENHANCED (Persistable) : es.deusto.server.jdo.User
15:51:36,576 (main) INFO  [DataNucleus.Enhancer] - Escribiendo el archivo de clase "/Users/Haizea/Desktop/maven/BSPQ21-E3/ExpenseTracker/target/classes/es/deusto/server/jdo/Expense.class" con definicion enhanced
15:51:36,576 (main) INFO  [DataNucleus.Enhancer] - ENHANCED (Persistable) : es.deusto.server.jdo.Expense
15:51:36,577 (main) INFO  [DataNucleus.Enhancer] - DataNucleus Enhancer ha terminado con exito para 2 clases. Tiempos : input=123 ms, enhance=43 ms, total=166 ms. Compruebe el LOG para los detalles
15:51:42,333 (main) INFO  [DataNucleus.Enhancer] - DataNucleus Enhancer (versión 5.2.7) para el API "JDO" utilisando el JRE "{2}"
15:51:42,498 (main) INFO  [DataNucleus.Enhancer] - La clase "es.deusto.server.jdo.User" esta enhanced.
15:51:42,498 (main) INFO  [DataNucleus.Enhancer] - ENHANCED (Persistable) : es.deusto.server.jdo.User
15:51:42,500 (main) INFO  [DataNucleus.Enhancer] - La clase "es.deusto.server.jdo.Expense" esta enhanced.
15:51:42,500 (main) INFO  [DataNucleus.Enhancer] - ENHANCED (Persistable) : es.deusto.server.jdo.Expense
15:51:42,501 (main) INFO  [DataNucleus.Enhancer] - DataNucleus Enhancer ha terminado con exito para 2 clases. Tiempos : input=144 ms, enhance=18 ms, total=162 ms. Compruebe el LOG para los detalles
15:51:55,862 (qtp1478835287-22) INFO  [DataNucleus.Persistence] - Propiedad datanucleus.validateTables desconocida - vamos a ignorarla
15:51:55,864 (qtp1478835287-22) INFO  [DataNucleus.Persistence] - Propiedad datanucleus.validateConstraints desconocida - vamos a ignorarla
15:51:55,864 (qtp1478835287-22) INFO  [DataNucleus.Persistence] - Propiedad datanucleus.metadata.validate desconocida - vamos a ignorarla
15:51:56,798 (qtp1478835287-22) WARN  [DataNucleus.Datastore] - Default type for java type of java.math.BigInteger was previously jdbc-type=NUMERIC but this is not provided by the JDBC driver! Please report this to the DataNucleus developers
15:55:14,074 (main) INFO  [DataNucleus.Enhancer] - DataNucleus Enhancer (versión 5.2.7) para el API "JDO" utilisando el JRE "{2}"
15:55:14,248 (main) INFO  [DataNucleus.Enhancer] - La clase "es.deusto.server.jdo.User" esta enhanced.
15:55:14,248 (main) INFO  [DataNucleus.Enhancer] - ENHANCED (Persistable) : es.deusto.server.jdo.User
15:55:14,250 (main) INFO  [DataNucleus.Enhancer] - La clase "es.deusto.server.jdo.Expense" esta enhanced.
15:55:14,250 (main) INFO  [DataNucleus.Enhancer] - ENHANCED (Persistable) : es.deusto.server.jdo.Expense
15:55:14,250 (main) INFO  [DataNucleus.Enhancer] - DataNucleus Enhancer ha terminado con exito para 2 clases. Tiempos : input=151 ms, enhance=20 ms, total=171 ms. Compruebe el LOG para los detalles
15:55:31,723 (main) INFO  [DataNucleus.Enhancer] - DataNucleus Enhancer (versión 5.2.7) para el API "JDO" utilisando el JRE "{2}"
15:55:31,898 (main) INFO  [DataNucleus.Enhancer] - La clase "es.deusto.server.jdo.User" esta enhanced.
15:55:31,899 (main) INFO  [DataNucleus.Enhancer] - ENHANCED (Persistable) : es.deusto.server.jdo.User
15:55:31,900 (main) INFO  [DataNucleus.Enhancer] - La clase "es.deusto.server.jdo.Expense" esta enhanced.
15:55:31,900 (main) INFO  [DataNucleus.Enhancer] - ENHANCED (Persistable) : es.deusto.server.jdo.Expense
15:55:31,900 (main) INFO  [DataNucleus.Enhancer] - DataNucleus Enhancer ha terminado con exito para 2 clases. Tiempos : input=152 ms, enhance=20 ms, total=172 ms. Compruebe el LOG para los detalles
15:56:12,792 (qtp1478835287-26) INFO  [DataNucleus.Persistence] - Propiedad datanucleus.validateTables desconocida - vamos a ignorarla
15:56:12,793 (qtp1478835287-26) INFO  [DataNucleus.Persistence] - Propiedad datanucleus.validateConstraints desconocida - vamos a ignorarla
15:56:12,793 (qtp1478835287-26) INFO  [DataNucleus.Persistence] - Propiedad datanucleus.metadata.validate desconocida - vamos a ignorarla
15:56:13,634 (qtp1478835287-26) WARN  [DataNucleus.Datastore] - Default type for java type of java.math.BigInteger was previously jdbc-type=NUMERIC but this is not provided by the JDBC driver! Please report this to the DataNucleus developers
15:57:14,381 (main) INFO  [DataNucleus.Enhancer] - DataNucleus Enhancer (versión 5.2.7) para el API "JDO" utilisando el JRE "{2}"
15:57:14,549 (main) INFO  [DataNucleus.Enhancer] - La clase "es.deusto.server.jdo.User" esta enhanced.
15:57:14,549 (main) INFO  [DataNucleus.Enhancer] - ENHANCED (Persistable) : es.deusto.server.jdo.User
15:57:14,551 (main) INFO  [DataNucleus.Enhancer] - La clase "es.deusto.server.jdo.Expense" esta enhanced.
15:57:14,551 (main) INFO  [DataNucleus.Enhancer] - ENHANCED (Persistable) : es.deusto.server.jdo.Expense
15:57:14,551 (main) INFO  [DataNucleus.Enhancer] - DataNucleus Enhancer ha terminado con exito para 2 clases. Tiempos : input=144 ms, enhance=15 ms, total=159 ms. Compruebe el LOG para los detalles
15:58:03,533 (main) INFO  [DataNucleus.Enhancer] - DataNucleus Enhancer (versión 5.2.7) para el API "JDO" utilisando el JRE "{2}"
15:58:03,717 (main) INFO  [DataNucleus.Enhancer] - La clase "es.deusto.server.jdo.User" esta enhanced.
15:58:03,717 (main) INFO  [DataNucleus.Enhancer] - ENHANCED (Persistable) : es.deusto.server.jdo.User
15:58:03,718 (main) INFO  [DataNucleus.Enhancer] - La clase "es.deusto.server.jdo.Expense" esta enhanced.
15:58:03,718 (main) INFO  [DataNucleus.Enhancer] - ENHANCED (Persistable) : es.deusto.server.jdo.Expense
15:58:03,719 (main) INFO  [DataNucleus.Enhancer] - DataNucleus Enhancer ha terminado con exito para 2 clases. Tiempos : input=161 ms, enhance=20 ms, total=181 ms. Compruebe el LOG para los detalles
15:58:18,694 (qtp1478835287-21) INFO  [DataNucleus.Persistence] - Propiedad datanucleus.validateTables desconocida - vamos a ignorarla
15:58:18,695 (qtp1478835287-21) INFO  [DataNucleus.Persistence] - Propiedad datanucleus.validateConstraints desconocida - vamos a ignorarla
15:58:18,695 (qtp1478835287-21) INFO  [DataNucleus.Persistence] - Propiedad datanucleus.metadata.validate desconocida - vamos a ignorarla
15:58:19,464 (qtp1478835287-21) WARN  [DataNucleus.Datastore] - Default type for java type of java.math.BigInteger was previously jdbc-type=NUMERIC but this is not provided by the JDBC driver! Please report this to the DataNucleus developers
16:00:25,955 (main) INFO  [DataNucleus.Enhancer] - DataNucleus Enhancer (versión 5.2.7) para el API "JDO" utilisando el JRE "{2}"
16:00:26,149 (main) INFO  [DataNucleus.Enhancer] - La clase "es.deusto.server.jdo.User" esta enhanced.
16:00:26,150 (main) INFO  [DataNucleus.Enhancer] - ENHANCED (Persistable) : es.deusto.server.jdo.User
16:00:26,151 (main) INFO  [DataNucleus.Enhancer] - La clase "es.deusto.server.jdo.Expense" esta enhanced.
16:00:26,151 (main) INFO  [DataNucleus.Enhancer] - ENHANCED (Persistable) : es.deusto.server.jdo.Expense
16:00:26,151 (main) INFO  [DataNucleus.Enhancer] - DataNucleus Enhancer ha terminado con exito para 2 clases. Tiempos : input=175 ms, enhance=16 ms, total=191 ms. Compruebe el LOG para los detalles
16:00:32,303 (main) INFO  [DataNucleus.Enhancer] - DataNucleus Enhancer (versión 5.2.7) para el API "JDO" utilisando el JRE "{2}"
16:00:32,473 (main) INFO  [DataNucleus.Enhancer] - La clase "es.deusto.server.jdo.User" esta enhanced.
16:00:32,473 (main) INFO  [DataNucleus.Enhancer] - ENHANCED (Persistable) : es.deusto.server.jdo.User
16:00:32,475 (main) INFO  [DataNucleus.Enhancer] - La clase "es.deusto.server.jdo.Expense" esta enhanced.
16:00:32,475 (main) INFO  [DataNucleus.Enhancer] - ENHANCED (Persistable) : es.deusto.server.jdo.Expense
16:00:32,476 (main) INFO  [DataNucleus.Enhancer] - DataNucleus Enhancer ha terminado con exito para 2 clases. Tiempos : input=145 ms, enhance=16 ms, total=161 ms. Compruebe el LOG para los detalles
16:00:46,110 (qtp468797188-21) INFO  [DataNucleus.Persistence] - Propiedad datanucleus.validateTables desconocida - vamos a ignorarla
16:00:46,110 (qtp468797188-21) INFO  [DataNucleus.Persistence] - Propiedad datanucleus.validateConstraints desconocida - vamos a ignorarla
16:00:46,111 (qtp468797188-21) INFO  [DataNucleus.Persistence] - Propiedad datanucleus.metadata.validate desconocida - vamos a ignorarla
16:00:46,920 (qtp468797188-21) WARN  [DataNucleus.Datastore] - Default type for java type of java.math.BigInteger was previously jdbc-type=NUMERIC but this is not provided by the JDBC driver! Please report this to the DataNucleus developers
16:08:10,622 (main) INFO  [DataNucleus.Enhancer] - DataNucleus Enhancer (versión 5.2.7) para el API "JDO" utilisando el JRE "{2}"
16:08:10,812 (main) INFO  [DataNucleus.Enhancer] - La clase "es.deusto.server.jdo.User" esta enhanced.
16:08:10,812 (main) INFO  [DataNucleus.Enhancer] - ENHANCED (Persistable) : es.deusto.server.jdo.User
16:08:10,813 (main) INFO  [DataNucleus.Enhancer] - La clase "es.deusto.server.jdo.Expense" esta enhanced.
16:08:10,813 (main) INFO  [DataNucleus.Enhancer] - ENHANCED (Persistable) : es.deusto.server.jdo.Expense
16:08:10,814 (main) INFO  [DataNucleus.Enhancer] - DataNucleus Enhancer ha terminado con exito para 2 clases. Tiempos : input=154 ms, enhance=18 ms, total=172 ms. Compruebe el LOG para los detalles
16:08:16,152 (main) INFO  [DataNucleus.Enhancer] - DataNucleus Enhancer (versión 5.2.7) para el API "JDO" utilisando el JRE "{2}"
16:08:16,292 (main) INFO  [DataNucleus.Enhancer] - La clase "es.deusto.server.jdo.User" esta enhanced.
16:08:16,293 (main) INFO  [DataNucleus.Enhancer] - ENHANCED (Persistable) : es.deusto.server.jdo.User
16:08:16,295 (main) INFO  [DataNucleus.Enhancer] - La clase "es.deusto.server.jdo.Expense" esta enhanced.
16:08:16,295 (main) INFO  [DataNucleus.Enhancer] - ENHANCED (Persistable) : es.deusto.server.jdo.Expense
16:08:16,296 (main) INFO  [DataNucleus.Enhancer] - DataNucleus Enhancer ha terminado con exito para 2 clases. Tiempos : input=121 ms, enhance=18 ms, total=139 ms. Compruebe el LOG para los detalles
16:08:29,383 (qtp1478835287-24) INFO  [DataNucleus.Persistence] - Propiedad datanucleus.validateTables desconocida - vamos a ignorarla
16:08:29,383 (qtp1478835287-24) INFO  [DataNucleus.Persistence] - Propiedad datanucleus.validateConstraints desconocida - vamos a ignorarla
16:08:29,384 (qtp1478835287-24) INFO  [DataNucleus.Persistence] - Propiedad datanucleus.metadata.validate desconocida - vamos a ignorarla
16:08:30,300 (qtp1478835287-24) WARN  [DataNucleus.Datastore] - Default type for java type of java.math.BigInteger was previously jdbc-type=NUMERIC but this is not provided by the JDBC driver! Please report this to the DataNucleus developers
16:11:47,556 (main) INFO  [DataNucleus.Enhancer] - DataNucleus Enhancer (versión 5.2.7) para el API "JDO" utilisando el JRE "{2}"
16:11:47,737 (main) INFO  [DataNucleus.Enhancer] - La clase "es.deusto.server.jdo.User" esta enhanced.
16:11:47,737 (main) INFO  [DataNucleus.Enhancer] - ENHANCED (Persistable) : es.deusto.server.jdo.User
16:11:47,738 (main) INFO  [DataNucleus.Enhancer] - La clase "es.deusto.server.jdo.Expense" esta enhanced.
16:11:47,738 (main) INFO  [DataNucleus.Enhancer] - ENHANCED (Persistable) : es.deusto.server.jdo.Expense
16:11:47,739 (main) INFO  [DataNucleus.Enhancer] - DataNucleus Enhancer ha terminado con exito para 2 clases. Tiempos : input=157 ms, enhance=18 ms, total=175 ms. Compruebe el LOG para los detalles
16:11:53,004 (main) INFO  [DataNucleus.Enhancer] - DataNucleus Enhancer (versión 5.2.7) para el API "JDO" utilisando el JRE "{2}"
16:11:53,157 (main) INFO  [DataNucleus.Enhancer] - La clase "es.deusto.server.jdo.User" esta enhanced.
16:11:53,157 (main) INFO  [DataNucleus.Enhancer] - ENHANCED (Persistable) : es.deusto.server.jdo.User
16:11:53,158 (main) INFO  [DataNucleus.Enhancer] - La clase "es.deusto.server.jdo.Expense" esta enhanced.
16:11:53,158 (main) INFO  [DataNucleus.Enhancer] - ENHANCED (Persistable) : es.deusto.server.jdo.Expense
16:11:53,159 (main) INFO  [DataNucleus.Enhancer] - DataNucleus Enhancer ha terminado con exito para 2 clases. Tiempos : input=134 ms, enhance=17 ms, total=151 ms. Compruebe el LOG para los detalles
16:12:04,917 (qtp1478835287-22) INFO  [DataNucleus.Persistence] - Propiedad datanucleus.validateTables desconocida - vamos a ignorarla
16:12:04,917 (qtp1478835287-22) INFO  [DataNucleus.Persistence] - Propiedad datanucleus.validateConstraints desconocida - vamos a ignorarla
16:12:04,917 (qtp1478835287-22) INFO  [DataNucleus.Persistence] - Propiedad datanucleus.metadata.validate desconocida - vamos a ignorarla
16:12:05,550 (qtp1478835287-22) WARN  [DataNucleus.Datastore] - Default type for java type of java.math.BigInteger was previously jdbc-type=NUMERIC but this is not provided by the JDBC driver! Please report this to the DataNucleus developers
16:17:10,750 (main) INFO  [DataNucleus.Enhancer] - DataNucleus Enhancer (versión 5.2.7) para el API "JDO" utilisando el JRE "{2}"
16:17:10,972 (main) INFO  [DataNucleus.Enhancer] - Escribiendo el archivo de clase "/Users/Haizea/Desktop/maven/BSPQ21-E3/ExpenseTracker/target/classes/es/deusto/server/jdo/User.class" con definicion enhanced
16:17:10,973 (main) INFO  [DataNucleus.Enhancer] - ENHANCED (Persistable) : es.deusto.server.jdo.User
16:17:10,979 (main) INFO  [DataNucleus.Enhancer] - Escribiendo el archivo de clase "/Users/Haizea/Desktop/maven/BSPQ21-E3/ExpenseTracker/target/classes/es/deusto/server/jdo/Expense.class" con definicion enhanced
16:17:10,979 (main) INFO  [DataNucleus.Enhancer] - ENHANCED (Persistable) : es.deusto.server.jdo.Expense
16:17:10,980 (main) INFO  [DataNucleus.Enhancer] - DataNucleus Enhancer ha terminado con exito para 2 clases. Tiempos : input=179 ms, enhance=45 ms, total=224 ms. Compruebe el LOG para los detalles
16:17:18,136 (main) INFO  [DataNucleus.Enhancer] - DataNucleus Enhancer (versión 5.2.7) para el API "JDO" utilisando el JRE "{2}"
16:17:18,290 (main) INFO  [DataNucleus.Enhancer] - La clase "es.deusto.server.jdo.User" esta enhanced.
16:17:18,291 (main) INFO  [DataNucleus.Enhancer] - ENHANCED (Persistable) : es.deusto.server.jdo.User
16:17:18,292 (main) INFO  [DataNucleus.Enhancer] - La clase "es.deusto.server.jdo.Expense" esta enhanced.
16:17:18,293 (main) INFO  [DataNucleus.Enhancer] - ENHANCED (Persistable) : es.deusto.server.jdo.Expense
16:17:18,293 (main) INFO  [DataNucleus.Enhancer] - DataNucleus Enhancer ha terminado con exito para 2 clases. Tiempos : input=136 ms, enhance=17 ms, total=153 ms. Compruebe el LOG para los detalles
16:17:32,263 (qtp1478835287-26) INFO  [DataNucleus.Persistence] - Propiedad datanucleus.validateTables desconocida - vamos a ignorarla
16:17:32,263 (qtp1478835287-26) INFO  [DataNucleus.Persistence] - Propiedad datanucleus.validateConstraints desconocida - vamos a ignorarla
16:17:32,264 (qtp1478835287-26) INFO  [DataNucleus.Persistence] - Propiedad datanucleus.metadata.validate desconocida - vamos a ignorarla
16:17:33,085 (qtp1478835287-26) WARN  [DataNucleus.Datastore] - Default type for java type of java.math.BigInteger was previously jdbc-type=NUMERIC but this is not provided by the JDBC driver! Please report this to the DataNucleus developers
16:19:48,877 (main) INFO  [DataNucleus.Enhancer] - DataNucleus Enhancer (versión 5.2.7) para el API "JDO" utilisando el JRE "{2}"
16:19:49,070 (main) INFO  [DataNucleus.Enhancer] - La clase "es.deusto.server.jdo.User" esta enhanced.
16:19:49,070 (main) INFO  [DataNucleus.Enhancer] - ENHANCED (Persistable) : es.deusto.server.jdo.User
16:19:49,071 (main) INFO  [DataNucleus.Enhancer] - La clase "es.deusto.server.jdo.Expense" esta enhanced.
16:19:49,071 (main) INFO  [DataNucleus.Enhancer] - ENHANCED (Persistable) : es.deusto.server.jdo.Expense
16:19:49,072 (main) INFO  [DataNucleus.Enhancer] - DataNucleus Enhancer ha terminado con exito para 2 clases. Tiempos : input=172 ms, enhance=16 ms, total=188 ms. Compruebe el LOG para los detalles
16:20:13,565 (main) INFO  [DataNucleus.Enhancer] - DataNucleus Enhancer (versión 5.2.7) para el API "JDO" utilisando el JRE "{2}"
16:20:13,724 (main) INFO  [DataNucleus.Enhancer] - La clase "es.deusto.server.jdo.User" esta enhanced.
16:20:13,724 (main) INFO  [DataNucleus.Enhancer] - ENHANCED (Persistable) : es.deusto.server.jdo.User
16:20:13,725 (main) INFO  [DataNucleus.Enhancer] - La clase "es.deusto.server.jdo.Expense" esta enhanced.
16:20:13,725 (main) INFO  [DataNucleus.Enhancer] - ENHANCED (Persistable) : es.deusto.server.jdo.Expense
16:20:13,726 (main) INFO  [DataNucleus.Enhancer] - DataNucleus Enhancer ha terminado con exito para 2 clases. Tiempos : input=139 ms, enhance=18 ms, total=157 ms. Compruebe el LOG para los detalles
16:20:26,309 (main) INFO  [DataNucleus.Enhancer] - DataNucleus Enhancer (versión 5.2.7) para el API "JDO" utilisando el JRE "{2}"
16:20:26,460 (main) INFO  [DataNucleus.Enhancer] - La clase "es.deusto.server.jdo.User" esta enhanced.
16:20:26,460 (main) INFO  [DataNucleus.Enhancer] - ENHANCED (Persistable) : es.deusto.server.jdo.User
16:20:26,462 (main) INFO  [DataNucleus.Enhancer] - La clase "es.deusto.server.jdo.Expense" esta enhanced.
16:20:26,462 (main) INFO  [DataNucleus.Enhancer] - ENHANCED (Persistable) : es.deusto.server.jdo.Expense
16:20:26,462 (main) INFO  [DataNucleus.Enhancer] - DataNucleus Enhancer ha terminado con exito para 2 clases. Tiempos : input=131 ms, enhance=18 ms, total=149 ms. Compruebe el LOG para los detalles
16:20:53,128 (qtp1478835287-25) INFO  [DataNucleus.Persistence] - Propiedad datanucleus.validateTables desconocida - vamos a ignorarla
16:20:53,129 (qtp1478835287-25) INFO  [DataNucleus.Persistence] - Propiedad datanucleus.validateConstraints desconocida - vamos a ignorarla
16:20:53,130 (qtp1478835287-25) INFO  [DataNucleus.Persistence] - Propiedad datanucleus.metadata.validate desconocida - vamos a ignorarla
16:20:53,999 (qtp1478835287-25) WARN  [DataNucleus.Datastore] - Default type for java type of java.math.BigInteger was previously jdbc-type=NUMERIC but this is not provided by the JDBC driver! Please report this to the DataNucleus developers
16:20:58,841 (qtp1478835287-20) INFO  [DataNucleus.Persistence] - Propiedad datanucleus.validateTables desconocida - vamos a ignorarla
16:20:58,842 (qtp1478835287-20) INFO  [DataNucleus.Persistence] - Propiedad datanucleus.validateConstraints desconocida - vamos a ignorarla
16:20:58,843 (qtp1478835287-20) INFO  [DataNucleus.Persistence] - Propiedad datanucleus.metadata.validate desconocida - vamos a ignorarla
16:20:58,887 (qtp1478835287-20) WARN  [DataNucleus.Datastore] - Default type for java type of java.math.BigInteger was previously jdbc-type=NUMERIC but this is not provided by the JDBC driver! Please report this to the DataNucleus developers
16:29:06,620 (main) INFO  [DataNucleus.Enhancer] - DataNucleus Enhancer (versión 5.2.7) para el API "JDO" utilisando el JRE "{2}"
16:29:06,785 (main) INFO  [DataNucleus.Enhancer] - La clase "es.deusto.server.jdo.User" esta enhanced.
16:29:06,785 (main) INFO  [DataNucleus.Enhancer] - ENHANCED (Persistable) : es.deusto.server.jdo.User
16:29:06,787 (main) INFO  [DataNucleus.Enhancer] - La clase "es.deusto.server.jdo.Expense" esta enhanced.
16:29:06,787 (main) INFO  [DataNucleus.Enhancer] - ENHANCED (Persistable) : es.deusto.server.jdo.Expense
16:29:06,788 (main) INFO  [DataNucleus.Enhancer] - DataNucleus Enhancer ha terminado con exito para 2 clases. Tiempos : input=144 ms, enhance=17 ms, total=161 ms. Compruebe el LOG para los detalles
16:29:21,443 (main) INFO  [DataNucleus.Enhancer] - DataNucleus Enhancer (versión 5.2.7) para el API "JDO" utilisando el JRE "{2}"
16:29:21,618 (main) INFO  [DataNucleus.Enhancer] - La clase "es.deusto.server.jdo.User" esta enhanced.
16:29:21,618 (main) INFO  [DataNucleus.Enhancer] - ENHANCED (Persistable) : es.deusto.server.jdo.User
16:29:21,620 (main) INFO  [DataNucleus.Enhancer] - La clase "es.deusto.server.jdo.Expense" esta enhanced.
16:29:21,620 (main) INFO  [DataNucleus.Enhancer] - ENHANCED (Persistable) : es.deusto.server.jdo.Expense
16:29:21,621 (main) INFO  [DataNucleus.Enhancer] - DataNucleus Enhancer ha terminado con exito para 2 clases. Tiempos : input=153 ms, enhance=19 ms, total=172 ms. Compruebe el LOG para los detalles
16:29:36,060 (qtp468797188-20) INFO  [DataNucleus.Persistence] - Propiedad datanucleus.validateTables desconocida - vamos a ignorarla
16:29:36,060 (qtp468797188-20) INFO  [DataNucleus.Persistence] - Propiedad datanucleus.validateConstraints desconocida - vamos a ignorarla
16:29:36,060 (qtp468797188-20) INFO  [DataNucleus.Persistence] - Propiedad datanucleus.metadata.validate desconocida - vamos a ignorarla
16:29:36,822 (qtp468797188-20) WARN  [DataNucleus.Datastore] - Default type for java type of java.math.BigInteger was previously jdbc-type=NUMERIC but this is not provided by the JDBC driver! Please report this to the DataNucleus developers
16:29:41,734 (qtp468797188-22) INFO  [DataNucleus.Persistence] - Propiedad datanucleus.validateTables desconocida - vamos a ignorarla
16:29:41,734 (qtp468797188-22) INFO  [DataNucleus.Persistence] - Propiedad datanucleus.validateConstraints desconocida - vamos a ignorarla
16:29:41,734 (qtp468797188-22) INFO  [DataNucleus.Persistence] - Propiedad datanucleus.metadata.validate desconocida - vamos a ignorarla
16:29:41,780 (qtp468797188-22) WARN  [DataNucleus.Datastore] - Default type for java type of java.math.BigInteger was previously jdbc-type=NUMERIC but this is not provided by the JDBC driver! Please report this to the DataNucleus developers
16:31:13,913 (main) INFO  [DataNucleus.Enhancer] - DataNucleus Enhancer (versión 5.2.7) para el API "JDO" utilisando el JRE "{2}"
16:31:14,081 (main) INFO  [DataNucleus.Enhancer] - La clase "es.deusto.server.jdo.User" esta enhanced.
16:31:14,081 (main) INFO  [DataNucleus.Enhancer] - ENHANCED (Persistable) : es.deusto.server.jdo.User
16:31:14,082 (main) INFO  [DataNucleus.Enhancer] - La clase "es.deusto.server.jdo.Expense" esta enhanced.
16:31:14,082 (main) INFO  [DataNucleus.Enhancer] - ENHANCED (Persistable) : es.deusto.server.jdo.Expense
16:31:14,083 (main) INFO  [DataNucleus.Enhancer] - DataNucleus Enhancer ha terminado con exito para 2 clases. Tiempos : input=149 ms, enhance=17 ms, total=166 ms. Compruebe el LOG para los detalles
16:31:39,374 (main) INFO  [DataNucleus.Enhancer] - DataNucleus Enhancer (versión 5.2.7) para el API "JDO" utilisando el JRE "{2}"
16:31:39,530 (main) INFO  [DataNucleus.Enhancer] - La clase "es.deusto.server.jdo.User" esta enhanced.
16:31:39,530 (main) INFO  [DataNucleus.Enhancer] - ENHANCED (Persistable) : es.deusto.server.jdo.User
16:31:39,531 (main) INFO  [DataNucleus.Enhancer] - La clase "es.deusto.server.jdo.Expense" esta enhanced.
16:31:39,532 (main) INFO  [DataNucleus.Enhancer] - ENHANCED (Persistable) : es.deusto.server.jdo.Expense
16:31:39,532 (main) INFO  [DataNucleus.Enhancer] - DataNucleus Enhancer ha terminado con exito para 2 clases. Tiempos : input=135 ms, enhance=18 ms, total=153 ms. Compruebe el LOG para los detalles
16:31:53,591 (qtp468797188-20) INFO  [DataNucleus.Persistence] - Propiedad datanucleus.validateTables desconocida - vamos a ignorarla
16:31:53,592 (qtp468797188-20) INFO  [DataNucleus.Persistence] - Propiedad datanucleus.validateConstraints desconocida - vamos a ignorarla
16:31:53,592 (qtp468797188-20) INFO  [DataNucleus.Persistence] - Propiedad datanucleus.metadata.validate desconocida - vamos a ignorarla
16:31:54,371 (qtp468797188-20) WARN  [DataNucleus.Datastore] - Default type for java type of java.math.BigInteger was previously jdbc-type=NUMERIC but this is not provided by the JDBC driver! Please report this to the DataNucleus developers
16:31:58,786 (qtp468797188-19) INFO  [DataNucleus.Persistence] - Propiedad datanucleus.validateTables desconocida - vamos a ignorarla
16:31:58,786 (qtp468797188-19) INFO  [DataNucleus.Persistence] - Propiedad datanucleus.validateConstraints desconocida - vamos a ignorarla
16:31:58,786 (qtp468797188-19) INFO  [DataNucleus.Persistence] - Propiedad datanucleus.metadata.validate desconocida - vamos a ignorarla
16:31:58,832 (qtp468797188-19) WARN  [DataNucleus.Datastore] - Default type for java type of java.math.BigInteger was previously jdbc-type=NUMERIC but this is not provided by the JDBC driver! Please report this to the DataNucleus developers
16:36:14,127 (main) INFO  [DataNucleus.Enhancer] - DataNucleus Enhancer (versión 5.2.7) para el API "JDO" utilisando el JRE "{2}"
16:36:15,001 (main) INFO  [DataNucleus.Enhancer] - La clase "es.deusto.server.jdo.User" esta enhanced.
16:36:15,003 (main) INFO  [DataNucleus.Enhancer] - ENHANCED (Persistable) : es.deusto.server.jdo.User
16:36:15,019 (main) INFO  [DataNucleus.Enhancer] - La clase "es.deusto.server.jdo.Expense" esta enhanced.
16:36:15,020 (main) INFO  [DataNucleus.Enhancer] - ENHANCED (Persistable) : es.deusto.server.jdo.Expense
16:36:15,020 (main) INFO  [DataNucleus.Enhancer] - DataNucleus Enhancer ha terminado con exito para 2 clases. Tiempos : input=764 ms, enhance=97 ms, total=861 ms. Compruebe el LOG para los detalles
16:36:51,140 (main) INFO  [DataNucleus.Enhancer] - DataNucleus Enhancer (versión 5.2.7) para el API "JDO" utilisando el JRE "{2}"
16:36:53,732 (main) INFO  [DataNucleus.Enhancer] - La clase "es.deusto.server.jdo.User" esta enhanced.
16:36:53,732 (main) INFO  [DataNucleus.Enhancer] - ENHANCED (Persistable) : es.deusto.server.jdo.User
16:36:53,734 (main) INFO  [DataNucleus.Enhancer] - La clase "es.deusto.server.jdo.Expense" esta enhanced.
16:36:53,734 (main) INFO  [DataNucleus.Enhancer] - ENHANCED (Persistable) : es.deusto.server.jdo.Expense
16:36:53,739 (main) INFO  [DataNucleus.Enhancer] - DataNucleus Enhancer ha terminado con exito para 2 clases. Tiempos : input=2101 ms, enhance=271 ms, total=2372 ms. Compruebe el LOG para los detalles
16:37:53,030 (qtp1478835287-21) INFO  [DataNucleus.Persistence] - Propiedad datanucleus.validateTables desconocida - vamos a ignorarla
16:37:53,034 (qtp1478835287-21) INFO  [DataNucleus.Persistence] - Propiedad datanucleus.validateConstraints desconocida - vamos a ignorarla
16:37:53,039 (qtp1478835287-21) INFO  [DataNucleus.Persistence] - Propiedad datanucleus.metadata.validate desconocida - vamos a ignorarla
16:37:57,956 (qtp1478835287-21) WARN  [DataNucleus.Datastore] - Default type for java type of java.math.BigInteger was previously jdbc-type=NUMERIC but this is not provided by the JDBC driver! Please report this to the DataNucleus developers
16:38:31,848 (qtp1478835287-20) INFO  [DataNucleus.Persistence] - Propiedad datanucleus.validateTables desconocida - vamos a ignorarla
16:38:31,849 (qtp1478835287-20) INFO  [DataNucleus.Persistence] - Propiedad datanucleus.validateConstraints desconocida - vamos a ignorarla
16:38:31,849 (qtp1478835287-20) INFO  [DataNucleus.Persistence] - Propiedad datanucleus.metadata.validate desconocida - vamos a ignorarla
16:38:32,241 (qtp1478835287-20) WARN  [DataNucleus.Datastore] - Default type for java type of java.math.BigInteger was previously jdbc-type=NUMERIC but this is not provided by the JDBC driver! Please report this to the DataNucleus developers
16:38:33,141 (qtp1478835287-22) INFO  [DataNucleus.Persistence] - Propiedad datanucleus.validateTables desconocida - vamos a ignorarla
16:38:33,141 (qtp1478835287-22) INFO  [DataNucleus.Persistence] - Propiedad datanucleus.validateConstraints desconocida - vamos a ignorarla
16:38:33,141 (qtp1478835287-22) INFO  [DataNucleus.Persistence] - Propiedad datanucleus.metadata.validate desconocida - vamos a ignorarla
16:38:33,412 (qtp1478835287-22) WARN  [DataNucleus.Datastore] - Default type for java type of java.math.BigInteger was previously jdbc-type=NUMERIC but this is not provided by the JDBC driver! Please report this to the DataNucleus developers
16:38:35,978 (qtp1478835287-25) INFO  [DataNucleus.Persistence] - Propiedad datanucleus.validateTables desconocida - vamos a ignorarla
16:38:35,978 (qtp1478835287-25) INFO  [DataNucleus.Persistence] - Propiedad datanucleus.validateConstraints desconocida - vamos a ignorarla
16:38:35,978 (qtp1478835287-25) INFO  [DataNucleus.Persistence] - Propiedad datanucleus.metadata.validate desconocida - vamos a ignorarla
16:38:36,256 (qtp1478835287-25) WARN  [DataNucleus.Datastore] - Default type for java type of java.math.BigInteger was previously jdbc-type=NUMERIC but this is not provided by the JDBC driver! Please report this to the DataNucleus developers
16:38:37,025 (qtp1478835287-25) INFO  [DataNucleus.Persistence] - Propiedad datanucleus.validateTables desconocida - vamos a ignorarla
16:38:37,025 (qtp1478835287-25) INFO  [DataNucleus.Persistence] - Propiedad datanucleus.validateConstraints desconocida - vamos a ignorarla
16:38:37,026 (qtp1478835287-25) INFO  [DataNucleus.Persistence] - Propiedad datanucleus.metadata.validate desconocida - vamos a ignorarla
16:38:37,235 (qtp1478835287-25) WARN  [DataNucleus.Datastore] - Default type for java type of java.math.BigInteger was previously jdbc-type=NUMERIC but this is not provided by the JDBC driver! Please report this to the DataNucleus developers
16:39:29,891 (qtp1478835287-26) INFO  [DataNucleus.Persistence] - Propiedad datanucleus.validateTables desconocida - vamos a ignorarla
16:39:29,892 (qtp1478835287-26) INFO  [DataNucleus.Persistence] - Propiedad datanucleus.validateConstraints desconocida - vamos a ignorarla
16:39:29,893 (qtp1478835287-26) INFO  [DataNucleus.Persistence] - Propiedad datanucleus.metadata.validate desconocida - vamos a ignorarla
16:39:30,120 (qtp1478835287-26) WARN  [DataNucleus.Datastore] - Default type for java type of java.math.BigInteger was previously jdbc-type=NUMERIC but this is not provided by the JDBC driver! Please report this to the DataNucleus developers
16:39:54,147 (qtp1478835287-25) INFO  [DataNucleus.Persistence] - Propiedad datanucleus.validateTables desconocida - vamos a ignorarla
16:39:54,148 (qtp1478835287-25) INFO  [DataNucleus.Persistence] - Propiedad datanucleus.validateConstraints desconocida - vamos a ignorarla
16:39:54,181 (qtp1478835287-25) INFO  [DataNucleus.Persistence] - Propiedad datanucleus.metadata.validate desconocida - vamos a ignorarla
16:39:54,384 (qtp1478835287-25) WARN  [DataNucleus.Datastore] - Default type for java type of java.math.BigInteger was previously jdbc-type=NUMERIC but this is not provided by the JDBC driver! Please report this to the DataNucleus developers
